2020-11-09 09:34:33.531  INFO 20172 --- [restartedMain] com.mycomp.Application                   : Starting Application on DESKTOP-TOCN509 with PID 20172 (H:\IDEA_workspace\Learn_SpringBoot_stage3\target\classes started by zzq in H:\IDEA_workspace\Learn_SpringBoot_stage3)
2020-11-09 09:34:33.533 DEBUG 20172 --- [restartedMain] com.mycomp.Application                   : Running with Spring Boot v2.1.3.RELEASE, Spring v5.1.5.RELEASE
2020-11-09 09:34:33.534  INFO 20172 --- [restartedMain] com.mycomp.Application                   : No active profile set, falling back to default profiles: default
2020-11-09 09:34:33.569  INFO 20172 --- [restartedMain] .e.DevToolsPropertyDefaultsPostProcessor : Devtools property defaults active! Set 'spring.devtools.add-properties' to 'false' to disable
2020-11-09 09:34:33.569  INFO 20172 --- [restartedMain] .e.DevToolsPropertyDefaultsPostProcessor : For additional web related logging consider setting the 'logging.level.web' property to 'DEBUG'
2020-11-09 09:34:34.418  INFO 20172 --- [restartedMain] o.s.b.w.embedded.tomcat.TomcatWebServer  : Tomcat initialized with port(s): 8087 (http)
2020-11-09 09:34:34.435  INFO 20172 --- [restartedMain] o.apache.catalina.core.StandardService   : Starting service [Tomcat]
2020-11-09 09:34:34.435  INFO 20172 --- [restartedMain] org.apache.catalina.core.StandardEngine  : Starting Servlet engine: [Apache Tomcat/9.0.16]
2020-11-09 09:34:34.440  INFO 20172 --- [restartedMain] o.a.catalina.core.AprLifecycleListener   : Loaded APR based Apache Tomcat Native library [1.2.23] using APR version [1.7.0].
2020-11-09 09:34:34.440  INFO 20172 --- [restartedMain] o.a.catalina.core.AprLifecycleListener   : APR capabilities: IPv6 [true], sendfile [true], accept filters [false], random [true].
2020-11-09 09:34:34.441  INFO 20172 --- [restartedMain] o.a.catalina.core.AprLifecycleListener   : APR/OpenSSL configuration: useAprConnector [false], useOpenSSL [true]
2020-11-09 09:34:34.443  INFO 20172 --- [restartedMain] o.a.catalina.core.AprLifecycleListener   : OpenSSL successfully initialized [OpenSSL 1.1.1c  28 May 2019]
2020-11-09 09:34:34.542  INFO 20172 --- [restartedMain] o.a.c.c.C.[Tomcat].[localhost].[/]       : Initializing Spring embedded WebApplicationContext
2020-11-09 09:34:34.543  INFO 20172 --- [restartedMain] o.s.web.context.ContextLoader            : Root WebApplicationContext: initialization completed in 974 ms
2020-11-09 09:34:34.693  INFO 20172 --- [restartedMain] o.s.s.concurrent.ThreadPoolTaskExecutor  : Initializing ExecutorService 'applicationTaskExecutor'
2020-11-09 09:34:34.799  INFO 20172 --- [restartedMain] o.s.b.d.a.OptionalLiveReloadServer       : LiveReload server is running on port 35729
2020-11-09 09:34:34.834  INFO 20172 --- [restartedMain] o.a.c.c.C.[Tomcat].[localhost].[/]       : Initializing Spring DispatcherServlet 'dispatcherServlet'
2020-11-09 09:34:34.835  INFO 20172 --- [restartedMain] o.s.web.servlet.DispatcherServlet        : Initializing Servlet 'dispatcherServlet'
2020-11-09 09:34:34.840  INFO 20172 --- [restartedMain] o.s.web.servlet.DispatcherServlet        : Completed initialization in 5 ms
2020-11-09 09:34:34.842  INFO 20172 --- [restartedMain] o.s.b.w.embedded.tomcat.TomcatWebServer  : Tomcat started on port(s): 8087 (http) with context path ''
2020-11-09 09:34:34.844  INFO 20172 --- [restartedMain] com.mycomp.Application                   : Started Application in 1.607 seconds (JVM running for 2.843)
2020-11-09 09:34:43.823  INFO 20172 --- [http-nio-8087-exec-1] com.mycomp.web.MyController              : log-info
2020-11-09 09:34:43.823 DEBUG 20172 --- [http-nio-8087-exec-1] com.mycomp.web.MyController              : log-debug
2020-11-09 09:43:55.745  INFO 11468 --- [restartedMain] com.mycomp.Application                   : Starting Application on DESKTOP-TOCN509 with PID 11468 (H:\IDEA_workspace\Learn_SpringBoot_stage3\target\classes started by zzq in H:\IDEA_workspace\Learn_SpringBoot_stage3)
2020-11-09 09:43:55.750 DEBUG 11468 --- [restartedMain] com.mycomp.Application                   : Running with Spring Boot v2.1.3.RELEASE, Spring v5.1.5.RELEASE
2020-11-09 09:43:55.751  INFO 11468 --- [restartedMain] com.mycomp.Application                   : No active profile set, falling back to default profiles: default
2020-11-09 09:43:55.784  INFO 11468 --- [restartedMain] .e.DevToolsPropertyDefaultsPostProcessor : Devtools property defaults active! Set 'spring.devtools.add-properties' to 'false' to disable
2020-11-09 09:43:55.784  INFO 11468 --- [restartedMain] .e.DevToolsPropertyDefaultsPostProcessor : For additional web related logging consider setting the 'logging.level.web' property to 'DEBUG'
2020-11-09 09:43:56.559  INFO 11468 --- [restartedMain] o.s.b.w.embedded.tomcat.TomcatWebServer  : Tomcat initialized with port(s): 8087 (http)
2020-11-09 09:43:56.574  INFO 11468 --- [restartedMain] o.apache.catalina.core.StandardService   : Starting service [Tomcat]
2020-11-09 09:43:56.575  INFO 11468 --- [restartedMain] org.apache.catalina.core.StandardEngine  : Starting Servlet engine: [Apache Tomcat/9.0.16]
2020-11-09 09:43:56.585  INFO 11468 --- [restartedMain] o.a.catalina.core.AprLifecycleListener   : Loaded APR based Apache Tomcat Native library [1.2.23] using APR version [1.7.0].
2020-11-09 09:43:56.586  INFO 11468 --- [restartedMain] o.a.catalina.core.AprLifecycleListener   : APR capabilities: IPv6 [true], sendfile [true], accept filters [false], random [true].
2020-11-09 09:43:56.586  INFO 11468 --- [restartedMain] o.a.catalina.core.AprLifecycleListener   : APR/OpenSSL configuration: useAprConnector [false], useOpenSSL [true]
2020-11-09 09:43:56.589  INFO 11468 --- [restartedMain] o.a.catalina.core.AprLifecycleListener   : OpenSSL successfully initialized [OpenSSL 1.1.1c  28 May 2019]
2020-11-09 09:43:56.668  INFO 11468 --- [restartedMain] o.a.c.c.C.[Tomcat].[localhost].[/]       : Initializing Spring embedded WebApplicationContext
2020-11-09 09:43:56.668  INFO 11468 --- [restartedMain] o.s.web.context.ContextLoader            : Root WebApplicationContext: initialization completed in 884 ms
2020-11-09 09:43:56.797  INFO 11468 --- [restartedMain] o.s.s.concurrent.ThreadPoolTaskExecutor  : Initializing ExecutorService 'applicationTaskExecutor'
2020-11-09 09:43:56.896  INFO 11468 --- [restartedMain] o.s.b.d.a.OptionalLiveReloadServer       : LiveReload server is running on port 35729
2020-11-09 09:43:56.925  INFO 11468 --- [restartedMain] o.a.c.c.C.[Tomcat].[localhost].[/]       : Initializing Spring DispatcherServlet 'dispatcherServlet'
2020-11-09 09:43:56.925  INFO 11468 --- [restartedMain] o.s.web.servlet.DispatcherServlet        : Initializing Servlet 'dispatcherServlet'
2020-11-09 09:43:56.929  INFO 11468 --- [restartedMain] o.s.web.servlet.DispatcherServlet        : Completed initialization in 4 ms
2020-11-09 09:43:56.930  INFO 11468 --- [restartedMain] o.s.b.w.embedded.tomcat.TomcatWebServer  : Tomcat started on port(s): 8087 (http) with context path ''
2020-11-09 09:43:56.932  INFO 11468 --- [restartedMain] com.mycomp.Application                   : Started Application in 1.525 seconds (JVM running for 2.771)
2020-11-09 09:47:04.569  INFO 17224 --- [restartedMain] com.mycomp.Application                   : Starting Application on DESKTOP-TOCN509 with PID 17224 (H:\IDEA_workspace\Learn_SpringBoot_stage3\target\classes started by zzq in H:\IDEA_workspace\Learn_SpringBoot_stage3)
2020-11-09 09:47:04.571 DEBUG 17224 --- [restartedMain] com.mycomp.Application                   : Running with Spring Boot v2.1.3.RELEASE, Spring v5.1.5.RELEASE
2020-11-09 09:47:04.572  INFO 17224 --- [restartedMain] com.mycomp.Application                   : No active profile set, falling back to default profiles: default
2020-11-09 09:47:04.616  INFO 17224 --- [restartedMain] .e.DevToolsPropertyDefaultsPostProcessor : Devtools property defaults active! Set 'spring.devtools.add-properties' to 'false' to disable
2020-11-09 09:47:04.616  INFO 17224 --- [restartedMain] .e.DevToolsPropertyDefaultsPostProcessor : For additional web related logging consider setting the 'logging.level.web' property to 'DEBUG'
2020-11-09 09:47:05.478  INFO 17224 --- [restartedMain] o.s.b.w.embedded.tomcat.TomcatWebServer  : Tomcat initialized with port(s): 8087 (http)
2020-11-09 09:47:05.497  INFO 17224 --- [restartedMain] o.apache.catalina.core.StandardService   : Starting service [Tomcat]
2020-11-09 09:47:05.497  INFO 17224 --- [restartedMain] org.apache.catalina.core.StandardEngine  : Starting Servlet engine: [Apache Tomcat/9.0.16]
2020-11-09 09:47:05.503  INFO 17224 --- [restartedMain] o.a.catalina.core.AprLifecycleListener   : Loaded APR based Apache Tomcat Native library [1.2.23] using APR version [1.7.0].
2020-11-09 09:47:05.504  INFO 17224 --- [restartedMain] o.a.catalina.core.AprLifecycleListener   : APR capabilities: IPv6 [true], sendfile [true], accept filters [false], random [true].
2020-11-09 09:47:05.504  INFO 17224 --- [restartedMain] o.a.catalina.core.AprLifecycleListener   : APR/OpenSSL configuration: useAprConnector [false], useOpenSSL [true]
2020-11-09 09:47:05.507  INFO 17224 --- [restartedMain] o.a.catalina.core.AprLifecycleListener   : OpenSSL successfully initialized [OpenSSL 1.1.1c  28 May 2019]
2020-11-09 09:47:05.622  INFO 17224 --- [restartedMain] o.a.c.c.C.[Tomcat].[localhost].[/]       : Initializing Spring embedded WebApplicationContext
2020-11-09 09:47:05.622  INFO 17224 --- [restartedMain] o.s.web.context.ContextLoader            : Root WebApplicationContext: initialization completed in 1006 ms
2020-11-09 09:47:05.785  INFO 17224 --- [restartedMain] o.s.s.concurrent.ThreadPoolTaskExecutor  : Initializing ExecutorService 'applicationTaskExecutor'
2020-11-09 09:47:05.902  INFO 17224 --- [restartedMain] o.s.b.d.a.OptionalLiveReloadServer       : LiveReload server is running on port 35729
2020-11-09 09:47:05.937  INFO 17224 --- [restartedMain] o.a.c.c.C.[Tomcat].[localhost].[/]       : Initializing Spring DispatcherServlet 'dispatcherServlet'
2020-11-09 09:47:05.937  INFO 17224 --- [restartedMain] o.s.web.servlet.DispatcherServlet        : Initializing Servlet 'dispatcherServlet'
2020-11-09 09:47:05.941  INFO 17224 --- [restartedMain] o.s.web.servlet.DispatcherServlet        : Completed initialization in 4 ms
2020-11-09 09:47:05.942  INFO 17224 --- [restartedMain] o.s.b.w.embedded.tomcat.TomcatWebServer  : Tomcat started on port(s): 8087 (http) with context path ''
2020-11-09 09:47:05.944  INFO 17224 --- [restartedMain] com.mycomp.Application                   : Started Application in 1.724 seconds (JVM running for 3.062)
2020-11-09 09:48:14.947 DEBUG 17224 --- [http-nio-8087-exec-1] com.mycomp.interceptor.MyInterceptor     : MyInterceptor---preHandle
2020-11-09 09:48:14.951  INFO 17224 --- [http-nio-8087-exec-1] com.mycomp.web.MyController              : log-info
2020-11-09 09:48:14.951 DEBUG 17224 --- [http-nio-8087-exec-1] com.mycomp.web.MyController              : log-debug
2020-11-09 09:48:14.964 DEBUG 17224 --- [http-nio-8087-exec-1] com.mycomp.interceptor.MyInterceptor     : MyInterceptor---postHandle
2020-11-09 09:48:14.964 DEBUG 17224 --- [http-nio-8087-exec-1] com.mycomp.interceptor.MyInterceptor     : MyInterceptor---afterCompletion
